0 info it worked if it ends with ok
1 verbose cli [ 'e:\\dev\\nodejs\\node.exe',
1 verbose cli   'e:\\dev\\nodejs\\node_modules\\npm\\bin\\npm-cli.js',
1 verbose cli   'run',
1 verbose cli   'start' ]
2 info using npm@3.10.10
3 info using node@v6.11.0
4 verbose run-script [ 'prestart', 'start', 'poststart' ]
5 info lifecycle tourism@1.0.0~prestart: tourism@1.0.0
6 silly lifecycle tourism@1.0.0~prestart: no script for prestart, continuing
7 info lifecycle tourism@1.0.0~start: tourism@1.0.0
8 verbose lifecycle tourism@1.0.0~start: unsafe-perm in lifecycle true
9 verbose lifecycle tourism@1.0.0~start: PATH: e:\dev\nodejs\node_modules\npm\bin\node-gyp-bin;C:\Users\影狐\Desktop\毕业设计\tourism\node_modules\.bin;C:\Program Files\Java\jdk1.8.0_121\bin;D:\mysql安装\bin;D;\mysql\bin;D:\RN工具\rn工具\android-sdk-windows_r24.3.4\android-sdk-windows_r24.3.4;e:\dev\nvm;e:\dev\nodejs;E:\dev\bin;E:\dev\git\Git\cmd;C:\windows\system32\;C:\WINDOWS\system32;C:\WINDOWS;C:\WINDOWS\System32\Wbem;C:\WINDOWS\System32\WindowsPowerShell\v1.0\;；C:\Users\影狐\AppData\Local\Microsoft\WindowsApps;e:\dev\nvm;e:\dev\nodejs;C:\Users\影狐\AppData\Local\Microsoft\WindowsApps;
10 verbose lifecycle tourism@1.0.0~start: CWD: C:\Users\影狐\Desktop\毕业设计\tourism
11 silly lifecycle tourism@1.0.0~start: Args: [ '/d /s /c', 'node ./bin/www' ]
12 silly lifecycle tourism@1.0.0~start: Returned: code: 3221225786  signal: null
13 info lifecycle tourism@1.0.0~start: Failed to exec start script
14 verbose stack Error: tourism@1.0.0 start: `node ./bin/www`
14 verbose stack Exit status 3221225786
14 verbose stack     at EventEmitter.<anonymous> (e:\dev\nodejs\node_modules\npm\lib\utils\lifecycle.js:255:16)
14 verbose stack     at emitTwo (events.js:106:13)
14 verbose stack     at EventEmitter.emit (events.js:191:7)
14 verbose stack     at ChildProcess.<anonymous> (e:\dev\nodejs\node_modules\npm\lib\utils\spawn.js:40:14)
14 verbose stack     at emitTwo (events.js:106:13)
14 verbose stack     at ChildProcess.emit (events.js:191:7)
14 verbose stack     at maybeClose (internal/child_process.js:891:16)
14 verbose stack     at Process.ChildProcess._handle.onexit (internal/child_process.js:226:5)
15 verbose pkgid tourism@1.0.0
16 verbose cwd C:\Users\影狐\Desktop\毕业设计\tourism
17 error Windows_NT 10.0.16299
18 error argv "e:\\dev\\nodejs\\node.exe" "e:\\dev\\nodejs\\node_modules\\npm\\bin\\npm-cli.js" "run" "start"
19 error node v6.11.0
20 error npm  v3.10.10
21 error code ELIFECYCLE
22 error tourism@1.0.0 start: `node ./bin/www`
22 error Exit status 3221225786
23 error Failed at the tourism@1.0.0 start script 'node ./bin/www'.
23 error Make sure you have the latest version of node.js and npm installed.
23 error If you do, this is most likely a problem with the tourism package,
23 error not with npm itself.
23 error Tell the author that this fails on your system:
23 error     node ./bin/www
23 error You can get information on how to open an issue for this project with:
23 error     npm bugs tourism
23 error Or if that isn't available, you can get their info via:
23 error     npm owner ls tourism
23 error There is likely additional logging output above.
24 verbose exit [ 1, true ]
